2023-07-31T00:03:13.572+07:00  INFO 23556 --- [restartedMain] c.m.usermanager.UsermanagerApplication   : Starting UsermanagerApplication using Java 17.0.7 with PID 23556 (D:\IntelliJ Code\bookmanager\target\classes started by onedi in D:\IntelliJ Code\bookmanager)
2023-07-31T00:03:13.577+07:00  INFO 23556 --- [restartedMain] c.m.usermanager.UsermanagerApplication   : No active profile set, falling back to 1 default profile: "default"
2023-07-31T00:03:13.628+07:00  INFO 23556 --- [restartedMain] .e.DevToolsPropertyDefaultsPostProcessor : Devtools property defaults active! Set 'spring.devtools.add-properties' to 'false' to disable
2023-07-31T00:03:13.629+07:00  INFO 23556 --- [restartedMain] .e.DevToolsPropertyDefaultsPostProcessor : For additional web related logging consider setting the 'logging.level.web' property to 'DEBUG'
2023-07-31T00:03:14.367+07:00  INFO 23556 --- [restartedMain] .s.d.r.c.RepositoryConfigurationDelegate : Bootstrapping Spring Data JPA repositories in DEFAULT mode.
2023-07-31T00:03:14.445+07:00  INFO 23556 --- [restartedMain] .s.d.r.c.RepositoryConfigurationDelegate : Finished Spring Data repository scanning in 72 ms. Found 10 JPA repository interfaces.
2023-07-31T00:03:15.087+07:00  INFO 23556 --- [restartedMain] o.s.b.w.embedded.tomcat.TomcatWebServer  : Tomcat initialized with port(s): 8082 (http)
2023-07-31T00:03:15.094+07:00  INFO 23556 --- [restartedMain] o.apache.catalina.core.StandardService   : Starting service [Tomcat]
2023-07-31T00:03:15.094+07:00  INFO 23556 --- [restartedMain] o.apache.catalina.core.StandardEngine    : Starting Servlet engine: [Apache Tomcat/10.1.8]
2023-07-31T00:03:15.148+07:00  INFO 23556 --- [restartedMain] o.a.c.c.C.[Tomcat].[localhost].[/]       : Initializing Spring embedded WebApplicationContext
2023-07-31T00:03:15.149+07:00  INFO 23556 --- [restartedMain] w.s.c.ServletWebServerApplicationContext : Root WebApplicationContext: initialization completed in 1519 ms
2023-07-31T00:03:15.255+07:00  INFO 23556 --- [restartedMain] com.zaxxer.hikari.HikariDataSource       : HikariPool-1 - Starting...
2023-07-31T00:03:15.397+07:00  INFO 23556 --- [restartedMain] com.zaxxer.hikari.pool.HikariPool        : HikariPool-1 - Added connection com.mysql.cj.jdbc.ConnectionImpl@126ac0f0
2023-07-31T00:03:15.399+07:00  INFO 23556 --- [restartedMain] com.zaxxer.hikari.HikariDataSource       : HikariPool-1 - Start completed.
2023-07-31T00:03:15.430+07:00  INFO 23556 --- [restartedMain] o.hibernate.jpa.internal.util.LogHelper  : HHH000204: Processing PersistenceUnitInfo [name: default]
2023-07-31T00:03:15.476+07:00  INFO 23556 --- [restartedMain] org.hibernate.Version                    : HHH000412: Hibernate ORM core version 6.2.2.Final
2023-07-31T00:03:15.478+07:00  INFO 23556 --- [restartedMain] org.hibernate.cfg.Environment            : HHH000406: Using bytecode reflection optimizer
2023-07-31T00:03:15.591+07:00  INFO 23556 --- [restartedMain] o.h.b.i.BytecodeProviderInitiator        : HHH000021: Bytecode provider name : bytebuddy
2023-07-31T00:03:15.710+07:00  INFO 23556 --- [restartedMain] o.s.o.j.p.SpringPersistenceUnitInfo      : No LoadTimeWeaver setup: ignoring JPA class transformer
2023-07-31T00:03:15.737+07:00  INFO 23556 --- [restartedMain] org.hibernate.orm.dialect                : HHH035001: Using dialect: org.hibernate.dialect.MySQL8Dialect, version: 8.0
2023-07-31T00:03:15.738+07:00  WARN 23556 --- [restartedMain] org.hibernate.orm.deprecation            : HHH90000026: MySQL8Dialect has been deprecated; use org.hibernate.dialect.MySQLDialect instead
2023-07-31T00:03:15.969+07:00  INFO 23556 --- [restartedMain] o.h.b.i.BytecodeProviderInitiator        : HHH000021: Bytecode provider name : bytebuddy
2023-07-31T00:03:16.710+07:00  INFO 23556 --- [restartedMain] o.h.e.t.j.p.i.JtaPlatformInitiator       : HHH000490: Using JtaPlatform implementation: [org.hibernate.engine.transaction.jta.platform.internal.NoJtaPlatform]
2023-07-31T00:03:17.359+07:00  INFO 23556 --- [restartedMain] j.LocalContainerEntityManagerFactoryBean : Initialized JPA EntityManagerFactory for persistence unit 'default'
2023-07-31T00:03:17.771+07:00  INFO 23556 --- [restartedMain] o.s.d.j.r.query.QueryEnhancerFactory     : Hibernate is in classpath; If applicable, HQL parser will be used.
2023-07-31T00:03:18.543+07:00  WARN 23556 --- [restartedMain] JpaBaseConfiguration$JpaWebConfiguration : spring.jpa.open-in-view is enabled by default. Therefore, database queries may be performed during view rendering. Explicitly configure spring.jpa.open-in-view to disable this warning
2023-07-31T00:03:18.888+07:00  INFO 23556 --- [restartedMain] o.s.s.web.DefaultSecurityFilterChain     : Will secure any request with [org.springframework.security.web.session.DisableEncodeUrlFilter@4ae9b7d4, org.springframework.security.web.context.request.async.WebAsyncManagerIntegrationFilter@60dc90cd, org.springframework.security.web.context.SecurityContextHolderFilter@3b2826dc, org.springframework.security.web.header.HeaderWriterFilter@33b6db84, org.springframework.security.web.authentication.logout.LogoutFilter@2abd1496, com.megane.usermanager.Jwt.JwtTokenFilter@73ed481f, org.springframework.security.web.authentication.www.BasicAuthenticationFilter@2a5019f5, org.springframework.security.web.savedrequest.RequestCacheAwareFilter@34eb79b0, org.springframework.security.web.servletapi.SecurityContextHolderAwareRequestFilter@1687b638, org.springframework.security.web.authentication.AnonymousAuthenticationFilter@1590b39e, org.springframework.security.web.session.SessionManagementFilter@144850cf, org.springframework.security.web.access.ExceptionTranslationFilter@55f57d6, org.springframework.security.web.access.intercept.FilterSecurityInterceptor@726f8d3a]
2023-07-31T00:03:19.248+07:00  INFO 23556 --- [restartedMain] o.s.b.d.a.OptionalLiveReloadServer       : LiveReload server is running on port 35729
2023-07-31T00:03:19.288+07:00  INFO 23556 --- [restartedMain] o.s.b.w.embedded.tomcat.TomcatWebServer  : Tomcat started on port(s): 8082 (http) with context path ''
2023-07-31T00:03:19.300+07:00  INFO 23556 --- [restartedMain] c.m.usermanager.UsermanagerApplication   : Started UsermanagerApplication in 6.15 seconds (process running for 6.867)
2023-07-31T00:03:19.303+07:00  INFO 23556 --- [restartedMain] com.megane.usermanager.DataInjection     : BEGIN INSERT ROLE DUMP
2023-07-31T00:03:43.945+07:00  INFO 23556 --- [SpringApplicationShutdownHook] j.LocalContainerEntityManagerFactoryBean : Closing JPA EntityManagerFactory for persistence unit 'default'
2023-07-31T00:03:43.948+07:00  INFO 23556 --- [SpringApplicationShutdownHook] com.zaxxer.hikari.HikariDataSource       : HikariPool-1 - Shutdown initiated...
2023-07-31T00:03:43.955+07:00  INFO 23556 --- [SpringApplicationShutdownHook] com.zaxxer.hikari.HikariDataSource       : HikariPool-1 - Shutdown completed.
